c:\users\andreea\source\repos\popescu_andreea_activitatepoo2024\seminarpoo\seminarpoo\x64\debug\vc143.pdb
c:\users\andreea\source\repos\popescu_andreea_activitatepoo2024\seminarpoo\seminarpoo\x64\debug\vc143.idb
c:\users\andreea\source\repos\popescu_andreea_activitatepoo2024\seminarpoo\seminarpoo\x64\debug\seminar2.obj
c:\users\andre\source\repos\popescu_andreea_activitatepoo2024\seminarpoo\seminarpoo\x64\debug\vc143.pdb
c:\users\andre\source\repos\popescu_andreea_activitatepoo2024\seminarpoo\seminarpoo\x64\debug\vc143.idb
c:\users\andre\source\repos\popescu_andreea_activitatepoo2024\seminarpoo\seminarpoo\x64\debug\seminar3.obj
c:\users\andre\source\repos\popescu_andreea_activitatepoo2024\seminarpoo\seminarpoo\x64\debug\seminar2.obj
c:\users\andreea\source\repos\popescu_andreea_activitatepoo2024\seminarpoo\x64\debug\seminarpoo.exe
c:\users\andreea\source\repos\popescu_andreea_activitatepoo2024\seminarpoo\x64\debug\seminarpoo.pdb
c:\users\andreea\source\repos\popescu_andreea_activitatepoo2024\seminarpoo\seminarpoo\x64\debug\seminarpoo.ilk
c:\users\andre\source\repos\popescu_andreea_activitatepoo2024\seminarpoo\x64\debug\seminarpoo.pdb
c:\users\andre\source\repos\popescu_andreea_activitatepoo2024\seminarpoo\seminarpoo\x64\debug\seminarpoo.tlog\cl.command.1.tlog
c:\users\andre\source\repos\popescu_andreea_activitatepoo2024\seminarpoo\seminarpoo\x64\debug\seminarpoo.tlog\cl.items.tlog
c:\users\andre\source\repos\popescu_andreea_activitatepoo2024\seminarpoo\seminarpoo\x64\debug\seminarpoo.tlog\cl.read.1.tlog
c:\users\andre\source\repos\popescu_andreea_activitatepoo2024\seminarpoo\seminarpoo\x64\debug\seminarpoo.tlog\cl.write.1.tlog
c:\users\andre\source\repos\popescu_andreea_activitatepoo2024\seminarpoo\seminarpoo\x64\debug\seminarpoo.tlog\link-cvtres.read.1.tlog
c:\users\andre\source\repos\popescu_andreea_activitatepoo2024\seminarpoo\seminarpoo\x64\debug\seminarpoo.tlog\link-cvtres.write.1.tlog
c:\users\andre\source\repos\popescu_andreea_activitatepoo2024\seminarpoo\seminarpoo\x64\debug\seminarpoo.tlog\link-rc.read.1.tlog
c:\users\andre\source\repos\popescu_andreea_activitatepoo2024\seminarpoo\seminarpoo\x64\debug\seminarpoo.tlog\link-rc.write.1.tlog
c:\users\andre\source\repos\popescu_andreea_activitatepoo2024\seminarpoo\seminarpoo\x64\debug\seminarpoo.tlog\link.command.1.tlog
c:\users\andre\source\repos\popescu_andreea_activitatepoo2024\seminarpoo\seminarpoo\x64\debug\seminarpoo.tlog\link.read.1.tlog
c:\users\andre\source\repos\popescu_andreea_activitatepoo2024\seminarpoo\seminarpoo\x64\debug\seminarpoo.tlog\link.read.2.tlog
c:\users\andre\source\repos\popescu_andreea_activitatepoo2024\seminarpoo\seminarpoo\x64\debug\seminarpoo.tlog\link.read.3.tlog
c:\users\andre\source\repos\popescu_andreea_activitatepoo2024\seminarpoo\seminarpoo\x64\debug\seminarpoo.tlog\link.secondary.1.tlog
c:\users\andre\source\repos\popescu_andreea_activitatepoo2024\seminarpoo\seminarpoo\x64\debug\seminarpoo.tlog\link.write.1.tlog
